Build started 03/07/2016 23:55:58.
     1>Project "D:\Rafael\Projetos\VS2010\C++\Projeto B-Spline\Projeto B-Spline.vcxproj" on node 2 (build target(s)).
     1>InitializeBuildStatus:
         Creating "Debug\Projeto B-Spline.unsuccessfulbuild" because "AlwaysCreate" was specified.
       ClCompile:
         c:\Program Files (x86)\Microsoft Visual Studio 10.0\VC\bin\CL.exe /c /ZI /nologo /W3 /WX- /Od /Oy- /D WIN32 /D _DEBUG /D _CONSOLE /D _UNICODE /D UNICODE /Gm /EHsc /RTC1 /MDd /GS /fp:precise /Zc:wchar_t /Zc:forScope /Fo"Debug\\" /Fd"Debug\vc100.pdb" /Gd /TP /analyze- /errorReport:prompt Graphic.cpp Vetor.cpp
         Graphic.cpp
     1>d:\rafael\projetos\vs2010\c++\projeto b-spline\graphic.cpp(1284): warning C4101: 'c' : unreferenced local variable
         Generating Code...
         Skipping... (no relevant changes detected)
         Vetor.cpp
       ResourceCompile:
         c:\Program Files (x86)\Microsoft SDKs\Windows\v7.0A\bin\rc.exe /D _UNICODE /D UNICODE /l"0x0409" /nologo /fo"Debug\Projeto B-Spline.res" "Projeto B-Spline.rc" 
       ManifestResourceCompile:
         All outputs are up-to-date.
       Link:
         c:\Program Files (x86)\Microsoft Visual Studio 10.0\VC\bin\link.exe /ERRORREPORT:PROMPT /OUT:"D:\Rafael\Projetos\VS2010\C++\Projeto B-Spline\Debug\Projeto B-Spline.exe" /INCREMENTAL /NOLOGO kernel32.lib user32.lib gdi32.lib winspool.lib comdlg32.lib advapi32.lib shell32.lib ole32.lib oleaut32.lib uuid.lib odbc32.lib odbccp32.lib /MANIFEST /ManifestFile:"Debug\Projeto B-Spline.exe.intermediate.manifest" /MANIFESTUAC:"level='asInvoker' uiAccess='false'" /DEBUG /PDB:"D:\Rafael\Projetos\VS2010\C++\Projeto B-Spline\Debug\Projeto B-Spline.pdb" /SUBSYSTEM:CONSOLE /TLBID:1 /DYNAMICBASE /NXCOMPAT /IMPLIB:"D:\Rafael\Projetos\VS2010\C++\Projeto B-Spline\Debug\Projeto B-Spline.lib" /MACHINE:X86 "Debug\Projeto B-Spline.res"
         "Debug\Projeto B-Spline.exe.embed.manifest.res"
         Debug\Graphic.obj
         Debug\Iluminacao.obj
         Debug\Lista.obj
         Debug\Luz.obj
         Debug\main.obj
         Debug\No.obj
         Debug\Vetor.obj
         Debug\Window.obj
       Manifest:
         c:\Program Files (x86)\Microsoft SDKs\Windows\v7.0A\bin\mt.exe /nologo /verbose /out:"Debug\Projeto B-Spline.exe.embed.manifest" /manifest "Debug\Projeto B-Spline.exe.intermediate.manifest"
         All outputs are up-to-date.
       LinkEmbedManifest:
         All outputs are up-to-date.
         Projeto B-Spline.vcxproj -> D:\Rafael\Projetos\VS2010\C++\Projeto B-Spline\Debug\Projeto B-Spline.exe
       FinalizeBuildStatus:
         Deleting file "Debug\Projeto B-Spline.unsuccessfulbuild".
         Touching "Debug\Projeto B-Spline.lastbuildstate".
     1>Done Building Project "D:\Rafael\Projetos\VS2010\C++\Projeto B-Spline\Projeto B-Spline.vcxproj" (build target(s)).

Build succeeded.

Time Elapsed 00:00:01.26
